d:\university\4\3\rtgx\gtr_motor\visualstudio\vs2015\release\vc142.pdb
d:\university\4\3\rtgx\gtr_motor\visualstudio\vs2015\release\imgui_draw.obj
d:\university\4\3\rtgx\gtr_motor\visualstudio\vs2015\release\cjson.obj
d:\university\4\3\rtgx\gtr_motor\visualstudio\vs2015\release\sysdep.obj
d:\university\4\3\rtgx\gtr_motor\visualstudio\vs2015\release\imgui_impl_opengl3.obj
d:\university\4\3\rtgx\gtr_motor\visualstudio\vs2015\release\imsequencer.obj
d:\university\4\3\rtgx\gtr_motor\visualstudio\vs2015\release\textparser.obj
d:\university\4\3\rtgx\gtr_motor\visualstudio\vs2015\release\material.obj
d:\university\4\3\rtgx\gtr_motor\visualstudio\vs2015\release\utils.obj
d:\university\4\3\rtgx\gtr_motor\visualstudio\vs2015\release\box.obj
d:\university\4\3\rtgx\gtr_motor\visualstudio\vs2015\release\imgui.obj
d:\university\4\3\rtgx\gtr_motor\visualstudio\vs2015\release\fbo.obj
d:\university\4\3\rtgx\gtr_motor\visualstudio\vs2015\release\renderer.obj
d:\university\4\3\rtgx\gtr_motor\visualstudio\vs2015\release\coldet_bld.obj
d:\university\4\3\rtgx\gtr_motor\visualstudio\vs2015\release\imguizmo.obj
d:\university\4\3\rtgx\gtr_motor\visualstudio\vs2015\release\imgui_impl_sdl.obj
d:\university\4\3\rtgx\gtr_motor\visualstudio\vs2015\release\input.obj
d:\university\4\3\rtgx\gtr_motor\visualstudio\vs2015\release\prefab.obj
d:\university\4\3\rtgx\gtr_motor\visualstudio\vs2015\release\box_bld.obj
d:\university\4\3\rtgx\gtr_motor\visualstudio\vs2015\release\imcurveedit.obj
d:\university\4\3\rtgx\gtr_motor\visualstudio\vs2015\release\picopng.obj
d:\university\4\3\rtgx\gtr_motor\visualstudio\vs2015\release\gltf_loader.obj
d:\university\4\3\rtgx\gtr_motor\visualstudio\vs2015\release\texture.obj
d:\university\4\3\rtgx\gtr_motor\visualstudio\vs2015\release\coldet.obj
d:\university\4\3\rtgx\gtr_motor\visualstudio\vs2015\release\imgui_demo.obj
d:\university\4\3\rtgx\gtr_motor\visualstudio\vs2015\release\imgui_widgets.obj
d:\university\4\3\rtgx\gtr_motor\visualstudio\vs2015\release\application.obj
d:\university\4\3\rtgx\gtr_motor\visualstudio\vs2015\release\scene.obj
d:\university\4\3\rtgx\gtr_motor\visualstudio\vs2015\release\camera.obj
d:\university\4\3\rtgx\gtr_motor\visualstudio\vs2015\release\main.obj
d:\university\4\3\rtgx\gtr_motor\visualstudio\vs2015\release\shader.obj
d:\university\4\3\rtgx\gtr_motor\visualstudio\vs2015\release\math3d.obj
d:\university\4\3\rtgx\gtr_motor\visualstudio\vs2015\release\tritri.obj
d:\university\4\3\rtgx\gtr_motor\visualstudio\vs2015\release\hdre.obj
d:\university\4\3\rtgx\gtr_motor\visualstudio\vs2015\release\rendercall.obj
d:\university\4\3\rtgx\gtr_motor\visualstudio\vs2015\release\mytritri.obj
d:\university\4\3\rtgx\gtr_motor\visualstudio\vs2015\release\imgradient.obj
d:\university\4\3\rtgx\gtr_motor\visualstudio\vs2015\release\jpgd.obj
d:\university\4\3\rtgx\gtr_motor\visualstudio\vs2015\release\framework.obj
d:\university\4\3\rtgx\gtr_motor\visualstudio\vs2015\release\mesh.obj
d:\university\4\3\rtgx\gtr_motor\framework.lib
d:\university\4\3\rtgx\gtr_motor\framework.exp
d:\university\4\3\rtgx\gtr_motor\framework.exe
d:\university\4\3\rtgx\gtr_motor\visualstudio\vs2015\release\framework.ipdb
d:\university\4\3\rtgx\gtr_motor\visualstudio\vs2015\release\framework.iobj
d:\university\4\3\rtgx\gtr_motor\framework.pdb
d:\university\4\3\rtgx\gtr_motor\visualstudio\vs2015\release\framework.tlog\cl.command.1.tlog
d:\university\4\3\rtgx\gtr_motor\visualstudio\vs2015\release\framework.tlog\cl.read.1.tlog
d:\university\4\3\rtgx\gtr_motor\visualstudio\vs2015\release\framework.tlog\cl.write.1.tlog
d:\university\4\3\rtgx\gtr_motor\visualstudio\vs2015\release\framework.tlog\framework.write.1u.tlog
d:\university\4\3\rtgx\gtr_motor\visualstudio\vs2015\release\framework.tlog\link.command.1.tlog
d:\university\4\3\rtgx\gtr_motor\visualstudio\vs2015\release\framework.tlog\link.read.1.tlog
d:\university\4\3\rtgx\gtr_motor\visualstudio\vs2015\release\framework.tlog\link.write.1.tlog
